<?xml version="1.0" encoding="UTF-8"?>
<!-- Generated by org.testng.reporters.JUnitXMLReporter -->
<testsuite hostname="alo7-sd-122236" ignored="3" name="test" tests="1" failures="0" timestamp="16 十月 2019 08:17:30 GMT" time="0.163" errors="0">
  <testcase name="aFastTest" time="0.003" classname="demo.TestExample"/>
  <testcase name="divisionException" time="0.0" classname="demo.TestExample">
    <ignored/>
  </testcase> <!-- divisionException -->
  <testcase name="aSlowTest" time="0.0" classname="demo.TestExample">
    <ignored/>
  </testcase> <!-- aSlowTest -->
  <testcase name="testSingleString" time="0.0" classname="demo.TestExample">
    <ignored/>
  </testcase> <!-- testSingleString -->
</testsuite> <!-- test -->
