<?xml version="1.0" encoding="UTF-8"?>
<!-- Generated by org.testng.reporters.JUnitXMLReporter -->
<testsuite hostname="alo7-sd-122236" ignored="13" tests="0" failures="0" timestamp="17 十月 2019 08:14:51 GMT" time="0.121" errors="0">
  <testcase name="aSlowTest" time="0.0" classname="demo.TestExample">
    <ignored/>
  </testcase> <!-- aSlowTest -->
  <testcase name="testSingleString" time="0.0" classname="demo.TestExample">
    <ignored/>
  </testcase> <!-- testSingleString -->
  <testcase name="test1" time="0.0" classname="demo.TestExample2">
    <ignored/>
  </testcase> <!-- test1 -->
  <testcase name="aFastTest" time="0.0" classname="com.TestExample3">
    <ignored/>
  </testcase> <!-- aFastTest -->
  <testcase name="aSlowTest" time="0.0" classname="com.TestExample3">
    <ignored/>
  </testcase> <!-- aSlowTest -->
  <testcase name="test2" time="0.0" classname="demo.TestExample2">
    <ignored/>
  </testcase> <!-- test2 -->
  <testcase name="divisionException" time="0.0" classname="demo.TestExample">
    <ignored/>
  </testcase> <!-- divisionException -->
  <testcase name="test3" time="0.0" classname="demo.TestExample2">
    <ignored/>
  </testcase> <!-- test3 -->
  <testcase name="TestAssert" time="0.0" classname="demo.TestAssert">
    <ignored/>
  </testcase> <!-- TestAssert -->
  <testcase name="testSingleString" time="0.0" classname="com.TestExample3">
    <ignored/>
  </testcase> <!-- testSingleString -->
  <testcase name="divisionException" time="0.0" classname="com.TestExample3">
    <ignored/>
  </testcase> <!-- divisionException -->
  <testcase name="aFastTest" time="0.0" classname="demo.TestExample">
    <ignored/>
  </testcase> <!-- aFastTest -->
  <testcase name="testSoftAssert" time="0.0" classname="demo.TestAssert">
    <ignored/>
  </testcase> <!-- testSoftAssert -->
</testsuite>
